TERRITOTY: 9 9 is not Black
TERRITOTY: 9 9 is empty
TERRITOTY: 9 9 check if is White (inverse)
TERRITOTY: 11 9 is not Black
TERRITOTY: 11 9 is empty
TERRITOTY: 11 9 check if is White (inverse)
TERRITOTY: 11 9 is dead if is White (inverse)
TERRITOTY: 11 8 is not Black
TERRITOTY: 11 8 is empty
TERRITOTY: 11 8 check if is White (inverse)
TERRITOTY: 11 8 is dead if is White (inverse)
TERRITOTY: 10 7 is not Black
TERRITOTY: 10 7 is empty
TERRITOTY: 10 7 check if is White (inverse)
TERRITOTY: 10 7 is dead if is White (inverse)
TERRITOTY: 11 10 is not Black
TERRITOTY: 11 10 is empty
TERRITOTY: 11 10 check if is White (inverse)
TERRITOTY: 11 10 is dead if is White (inverse)
TERRITOTY: 10 11 is not Black
TERRITOTY: 10 11 is empty
TERRITOTY: 10 11 check if is White (inverse)
TERRITOTY: 10 11 is dead if is White (inverse)
TERRITOTY: 9 7 is not Black
TERRITOTY: 9 7 is empty
TERRITOTY: 9 7 check if is White (inverse)
TERRITOTY: 9 7 is dead if is White (inverse)
TERRITOTY: 9 11 is not Black
TERRITOTY: 9 11 is empty
TERRITOTY: 9 11 check if is White (inverse)
TERRITOTY: 9 11 is dead if is White (inverse)
TERRITOTY: 7 8 is not Black
TERRITOTY: 7 8 is empty
TERRITOTY: 7 8 check if is White (inverse)
TERRITOTY: 7 8 is dead if is White (inverse)
TERRITOTY: 8 7 is not Black
TERRITOTY: 8 7 is empty
TERRITOTY: 8 7 check if is White (inverse)
TERRITOTY: 8 7 is dead if is White (inverse)
TERRITOTY: 7 10 is not Black
TERRITOTY: 7 10 is empty
TERRITOTY: 7 10 check if is White (inverse)
TERRITOTY: 7 10 is dead if is White (inverse)
TERRITOTY: 8 11 is not Black
TERRITOTY: 8 11 is empty
TERRITOTY: 8 11 check if is White (inverse)
TERRITOTY: 8 11 is dead if is White (inverse)
TERRITOTY: 7 9 is not Black
TERRITOTY: 7 9 is empty
TERRITOTY: 7 9 check if is White (inverse)
TERRITOTY: 7 9 is dead if is White (inverse)
Welcome to the game of Go!
Preparing the board...
Player Black turn
TERRITOTY: 11 8 is not Black
TERRITOTY: 11 8 is empty
TERRITOTY: 11 8 check if is White (inverse)
TERRITOTY: 10 7 is not Black
TERRITOTY: 10 7 is empty
TERRITOTY: 10 7 check if is White (inverse)
TERRITOTY: 9 7 is not Black
TERRITOTY: 9 7 is empty
TERRITOTY: 9 7 check if is White (inverse)
TERRITOTY: 9 9 is not Black
TERRITOTY: 9 9 is empty
TERRITOTY: 9 9 check if is White (inverse)
TERRITOTY: 9 9 is dead if is White (inverse)
TERRITOTY: 11 9 is not Black
TERRITOTY: 11 9 is empty
TERRITOTY: 11 9 check if is White (inverse)
TERRITOTY: 7 8 is not Black
TERRITOTY: 7 8 is empty
TERRITOTY: 7 8 check if is White (inverse)
TERRITOTY: 8 7 is not Black
TERRITOTY: 8 7 is empty
TERRITOTY: 8 7 check if is White (inverse)
TERRITOTY: 11 10 is not Black
TERRITOTY: 11 10 is empty
TERRITOTY: 11 10 check if is White (inverse)
TERRITOTY: 10 11 is not Black
TERRITOTY: 10 11 is empty
TERRITOTY: 10 11 check if is White (inverse)
TERRITOTY: 7 9 is not Black
TERRITOTY: 7 9 is empty
TERRITOTY: 7 9 check if is White (inverse)
TERRITOTY: 9 11 is not Black
TERRITOTY: 9 11 is empty
TERRITOTY: 9 11 check if is White (inverse)
TERRITOTY: 7 10 is not Black
TERRITOTY: 7 10 is empty
TERRITOTY: 7 10 check if is White (inverse)
TERRITOTY: 8 11 is not Black
TERRITOTY: 8 11 is empty
TERRITOTY: 8 11 check if is White (inverse)
Welcome to the game of Go!
Preparing the board...
Player Black turn
Reprinting the board...
Preparing the board...
TERRITOTY: 10 16 is not Black
TERRITOTY: 10 16 is empty
TERRITOTY: 10 16 check if is White (inverse)
TERRITOTY: 10 15 is not Black
TERRITOTY: 10 15 is empty
TERRITOTY: 10 15 check if is White (inverse)
TERRITOTY: 10 17 is not Black
TERRITOTY: 10 17 is empty
TERRITOTY: 10 17 check if is White (inverse)
TERRITOTY: 6 16 is not Black
TERRITOTY: 6 16 is empty
TERRITOTY: 6 16 check if is White (inverse)
TERRITOTY: 8 14 is not Black
TERRITOTY: 8 14 is empty
TERRITOTY: 8 14 check if is White (inverse)
TERRITOTY: 8 14 is dead if is White (inverse)
TERRITOTY: 8 18 is not Black
TERRITOTY: 8 18 is empty
TERRITOTY: 8 18 check if is White (inverse)
TERRITOTY: 8 18 is dead if is White (inverse)
TERRITOTY: 10 14 is not Black
TERRITOTY: 10 14 is empty
TERRITOTY: 10 14 check if is White (inverse)
TERRITOTY: 10 18 is not Black
TERRITOTY: 10 18 is empty
TERRITOTY: 10 18 check if is White (inverse)
TERRITOTY: 6 15 is not Black
TERRITOTY: 6 15 is empty
TERRITOTY: 6 15 check if is White (inverse)
TERRITOTY: 6 17 is not Black
TERRITOTY: 6 17 is empty
TERRITOTY: 6 17 check if is White (inverse)
TERRITOTY: 10 13 is not Black
TERRITOTY: 10 13 is empty
TERRITOTY: 10 13 check if is White (inverse)
TERRITOTY: 6 14 is not Black
TERRITOTY: 6 14 is empty
TERRITOTY: 6 14 check if is White (inverse)
TERRITOTY: 6 18 is not Black
TERRITOTY: 6 18 is empty
TERRITOTY: 6 18 check if is White (inverse)
TERRITOTY: 8 12 is not Black
TERRITOTY: 8 12 is empty
TERRITOTY: 8 12 check if is White (inverse)
TERRITOTY: 8 12 is dead if is White (inverse)
TERRITOTY: 10 12 is not Black
TERRITOTY: 10 12 is empty
TERRITOTY: 10 12 check if is White (inverse)
TERRITOTY: 6 13 is not Black
TERRITOTY: 6 13 is empty
TERRITOTY: 6 13 check if is White (inverse)
TERRITOTY: 9 10 is not Black
TERRITOTY: 9 10 is empty
TERRITOTY: 9 10 check if is White (inverse)
TERRITOTY: 9 10 is dead if is White (inverse)
TERRITOTY: 6 12 is not Black
TERRITOTY: 6 12 is empty
TERRITOTY: 6 12 check if is White (inverse)
TERRITOTY: 11 11 is not Black
TERRITOTY: 11 11 is empty
TERRITOTY: 11 11 check if is White (inverse)
TERRITOTY: 7 10 is not Black
TERRITOTY: 7 10 is empty
TERRITOTY: 7 10 check if is White (inverse)
TERRITOTY: 7 10 is dead if is White (inverse)
TERRITOTY: 11 10 is not Black
TERRITOTY: 11 10 is empty
TERRITOTY: 11 10 check if is White (inverse)
TERRITOTY: 5 11 is not Black
TERRITOTY: 5 11 is empty
TERRITOTY: 5 11 check if is White (inverse)
TERRITOTY: 8 8 is not Black
TERRITOTY: 8 8 is empty
TERRITOTY: 8 8 check if is White (inverse)
TERRITOTY: 11 9 is not Black
TERRITOTY: 11 9 is empty
TERRITOTY: 11 9 check if is White (inverse)
TERRITOTY: 10 8 is not Black
TERRITOTY: 10 8 is empty
TERRITOTY: 10 8 check if is White (inverse)
TERRITOTY: 5 10 is not Black
TERRITOTY: 5 10 is empty
TERRITOTY: 5 10 check if is White (inverse)
TERRITOTY: 7 8 is not Black
TERRITOTY: 7 8 is empty
TERRITOTY: 7 8 check if is White (inverse)
TERRITOTY: 9 8 is not Black
TERRITOTY: 9 8 is empty
TERRITOTY: 9 8 check if is White (inverse)
TERRITOTY: 5 9 is not Black
TERRITOTY: 5 9 is empty
TERRITOTY: 5 9 check if is White (inverse)
TERRITOTY: 6 8 is not Black
TERRITOTY: 6 8 is empty
TERRITOTY: 6 8 check if is White (inverse)
